<?xml version="1.0" encoding="utf-8"?><testsuites name="pytest tests"><testsuite name="pytest" errors="0" failures="1" skipped="0" tests="17" time="0.830" timestamp="2026-09-04T11:43:24.956351+00:00" hostname="agent-env-61892e5a-83c1-4a94-8cbe-4aacf3fcb33c"><testcase classname="tests.test_phase7_targeted.TestCancelMonitoring" name="test_cancel_sets_cancelled" time="0.076" /><testcase classname="tests.test_phase7_targeted.TestCancelMonitoring" name="test_double_cancel_rejected" time="0.008"><failure message="AssertionError: Double-cancel should be rejected, got 200: {&quot;success&quot;:true,&quot;data&quot;:{&quot;message&quot;:&quot;Monitoring dibatalkan.&quot;}}&#10;assert 200 in (400, 409, 422)&#10; +  where 200 = &lt;Response [200]&gt;.status_code">E   AssertionError: Double-cancel should be rejected, got 200: {"success":true,"data":{"message":"Monitoring dibatalkan."}}
    assert 200 in (400, 409, 422)
     +  where 200 = &lt;Response [200]&gt;.status_code</failure></testcase><testcase classname="tests.test_phase7_targeted.TestPersonnelEdit" name="test_edit_success" time="0.007" /><testcase classname="tests.test_phase7_targeted.TestPersonnelEdit" name="test_duplicate_nrp_rejected" time="0.003" /><testcase classname="tests.test_phase7_targeted.TestAlertStatus" name="test_transitions_and_invalid" time="0.009" /><testcase classname="tests.test_phase7_targeted.TestPasswordChange" name="test_change_and_restore" time="0.487" /><testcase classname="tests.test_phase7_targeted.TestUsers" name="test_create_edit_dup_login" time="0.136" /><testcase classname="tests.test_phase7_targeted.TestGeofences" name="test_crud" time="0.010" /><testcase classname="tests.test_phase7_targeted.TestGeofences" name="test_invalid_coords_rejected" time="0.002" /><testcase classname="tests.test_phase7_targeted.TestDevicePublicValidation" name="test_status_missing" time="0.002" /><testcase classname="tests.test_phase7_targeted.TestDevicePublicValidation" name="test_location_sync_empty" time="0.002" /><testcase classname="tests.test_phase7_targeted.TestDevicePublicValidation" name="test_device_event_unknown_type" time="0.002" /><testcase classname="tests.test_phase7_targeted.TestQuickCheck" name="test_duration_variants[30]" time="0.010" /><testcase classname="tests.test_phase7_targeted.TestQuickCheck" name="test_duration_variants[60]" time="0.007" /><testcase classname="tests.test_phase7_targeted.TestQuickCheck" name="test_duration_variants[120]" time="0.007" /><testcase classname="tests.test_phase7_targeted.TestQuickCheck" name="test_duration_variants[45]" time="0.006" /><testcase classname="tests.test_phase7_targeted.TestQuickCheck" name="test_duration_zero_rejected" time="0.002" /></testsuite></testsuites>